<?xml version="1.0" encoding="UTF-8"?>
<!-- Generated by org.testng.reporters.JUnitReportReporter -->
<testsuite skipped="0" hostname="DESKTOP-950BT7J" name="Class.GanApiTest" tests="1" failures="0" timestamp="2022-01-25T19:33:27 EST" time="1.214" errors="0">
  <testcase name="CardsUpdates" time="1.214" classname="Class.GanApiTest"/>
  <system-out/>
</testsuite> <!-- Class.GanApiTest -->
